# JRE version: OpenJDK Runtime Environment (17.0.10) (build 17.0.10+0--11572160)
# Java VM: OpenJDK 64-Bit Server VM (17.0.10+0--11572160, mixed mode, tiered, compressed oops, compressed class ptrs, g1 gc, windows-amd64)
GC Precious Log:
 CPUs: 8 total, 8 available
 Memory: 10153M
 Large Page Support: Disabled
 NUMA Support: Disabled
 Compressed Oops: Enabled (32-bit)
 Heap Region Size: 1M
 Heap Min Capacity: 8M
 Heap Initial Capacity: 160M
 Heap Max Capacity: 2G
 Pre-touch: Disabled
 Parallel Workers: 8
 Concurrent Workers: 2
 Concurrent Refinement Workers: 8
 Periodic GC: Disabled
Heap:
 garbage-first heap   total 275456K, used 237287K [0x0000000080000000, 0x0000000100000000)
  region size 1024K, 23 young (23552K), 3 survivors (3072K)
 Metaspace       used 136418K, committed 137536K, reserved 1179648K
  class space    used 18525K, committed 19072K, reserved 1048576K
GC Heap History (20 events):
Event: 176.967 GC heap before
{Heap before GC invocations=106 (full 0):
 garbage-first heap   total 275456K, used 236784K [0x0000000080000000, 0x0000000100000000)
  region size 1024K, 52 young (53248K), 6 survivors (6144K)
 Metaspace       used 119885K, committed 120832K, reserved 1179648K
  class space    used 16179K, committed 16640K, reserved 1048576K
}
Event: 176.975 GC heap after
{Heap after GC invocations=107 (full 0):
 garbage-first heap   total 275456K, used 192835K [0x0000000080000000, 0x0000000100000000)
  region size 1024K, 6 young (6144K), 6 survivors (6144K)
 Metaspace       used 119885K, committed 120832K, reserved 1179648K
  class space    used 16179K, committed 16640K, reserved 1048576K
}
Event: 183.300 GC heap before
{Heap before GC invocations=107 (full 0):
 garbage-first heap   total 275456K, used 234819K [0x0000000080000000, 0x0000000100000000)
  region size 1024K, 48 young (49152K), 6 survivors (6144K)
 Metaspace       used 120912K, committed 121984K, reserved 1179648K
  class space    used 16350K, committed 16896K, reserved 1048576K
}
Event: 183.308 GC heap after
{Heap after GC invocations=108 (full 0):
 garbage-first heap   total 275456K, used 196941K [0x0000000080000000, 0x0000000100000000)
  region size 1024K, 5 young (5120K), 5 survivors (5120K)
 Metaspace       used 120912K, committed 121984K, reserved 1179648K
  class space    used 16350K, committed 16896K, reserved 1048576K
}
Event: 188.863 GC heap before
{Heap before GC invocations=108 (full 0):
 garbage-first heap   total 275456K, used 233805K [0x0000000080000000, 0x0000000100000000)
  region size 1024K, 42 young (43008K), 5 survivors (5120K)
 Metaspace       used 122903K, committed 123968K, reserved 1179648K
  class space    used 16567K, committed 17088K, reserved 1048576K
}
Event: 188.876 GC heap after
{Heap after GC invocations=109 (full 0):
 garbage-first heap   total 275456K, used 202017K [0x0000000080000000, 0x0000000100000000)
  region size 1024K, 6 young (6144K), 6 survivors (6144K)
 Metaspace       used 122903K, committed 123968K, reserved 1179648K
  class space    used 16567K, committed 17088K, reserved 1048576K
}
Event: 191.419 GC heap before
{Heap before GC invocations=109 (full 0):
 garbage-first heap   total 275456K, used 241953K [0x0000000080000000, 0x0000000100000000)
  region size 1024K, 38 young (38912K), 6 survivors (6144K)
 Metaspace       used 127135K, committed 128256K, reserved 1179648K
  class space    used 17356K, committed 17920K, reserved 1048576K
}
Event: 191.429 GC heap after
{Heap after GC invocations=110 (full 0):
 garbage-first heap   total 275456K, used 203417K [0x0000000080000000, 0x0000000100000000)
  region size 1024K, 2 young (2048K), 2 survivors (2048K)
 Metaspace       used 127135K, committed 128256K, reserved 1179648K
  class space    used 17356K, committed 17920K, reserved 1048576K
}
Event: 192.731 GC heap before
{Heap before GC invocations=110 (full 0):
 garbage-first heap   total 275456K, used 235161K [0x0000000080000000, 0x0000000100000000)
  region size 1024K, 34 young (34816K), 2 survivors (2048K)
 Metaspace       used 131082K, committed 132096K, reserved 1179648K
  class space    used 17999K, committed 18496K, reserved 1048576K
}
Event: 192.736 GC heap after
{Heap after GC invocations=111 (full 0):
 garbage-first heap   total 275456K, used 204453K [0x0000000080000000, 0x0000000100000000)
  region size 1024K, 3 young (3072K), 3 survivors (3072K)
 Metaspace       used 131082K, committed 132096K, reserved 1179648K
  class space    used 17999K, committed 18496K, reserved 1048576K
}
Event: 194.513 GC heap before
{Heap before GC invocations=111 (full 0):
 garbage-first heap   total 275456K, used 238245K [0x0000000080000000, 0x0000000100000000)
  region size 1024K, 35 young (35840K), 3 survivors (3072K)
 Metaspace       used 134654K, committed 135744K, reserved 1179648K
  class space    used 18338K, committed 18880K, reserved 1048576K
}
Event: 194.522 GC heap after
{Heap after GC invocations=112 (full 0):
 garbage-first heap   total 275456K, used 207559K [0x0000000080000000, 0x0000000100000000)
  region size 1024K, 5 young (5120K), 5 survivors (5120K)
 Metaspace       used 134654K, committed 135744K, reserved 1179648K
  class space    used 18338K, committed 18880K, reserved 1048576K
}
Event: 196.126 GC heap before
{Heap before GC invocations=112 (full 0):
 garbage-first heap   total 275456K, used 238279K [0x0000000080000000, 0x0000000100000000)
  region size 1024K, 35 young (35840K), 5 survivors (5120K)
 Metaspace       used 134795K, committed 135936K, reserved 1179648K
  class space    used 18350K, committed 18880K, reserved 1048576K
}
Event: 196.137 GC heap after
{Heap after GC invocations=113 (full 0):
 garbage-first heap   total 275456K, used 212934K [0x0000000080000000, 0x0000000100000000)
  region size 1024K, 5 young (5120K), 5 survivors (5120K)
 Metaspace       used 134795K, committed 135936K, reserved 1179648K
  class space    used 18350K, committed 18880K, reserved 1048576K
}
Event: 197.881 GC heap before
{Heap before GC invocations=113 (full 0):
 garbage-first heap   total 275456K, used 238534K [0x0000000080000000, 0x0000000100000000)
  region size 1024K, 30 young (30720K), 5 survivors (5120K)
 Metaspace       used 135613K, committed 136768K, reserved 1179648K
  class space    used 18446K, committed 19008K, reserved 1048576K
}
Event: 197.890 GC heap after
{Heap after GC invocations=114 (full 0):
 garbage-first heap   total 275456K, used 216134K [0x0000000080000000, 0x0000000100000000)
  region size 1024K, 3 young (3072K), 3 survivors (3072K)
 Metaspace       used 135613K, committed 136768K, reserved 1179648K
  class space    used 18446K, committed 19008K, reserved 1048576K
}
Event: 198.760 GC heap before
{Heap before GC invocations=114 (full 0):
 garbage-first heap   total 275456K, used 237638K [0x0000000080000000, 0x0000000100000000)
  region size 1024K, 25 young (25600K), 3 survivors (3072K)
 Metaspace       used 136227K, committed 137344K, reserved 1179648K
  class space    used 18515K, committed 19072K, reserved 1048576K
}
Event: 198.765 GC heap after
{Heap after GC invocations=115 (full 0):
 garbage-first heap   total 275456K, used 217296K [0x0000000080000000, 0x0000000100000000)
  region size 1024K, 2 young (2048K), 2 survivors (2048K)
 Metaspace       used 136227K, committed 137344K, reserved 1179648K
  class space    used 18515K, committed 19072K, reserved 1048576K
}
Event: 461.988 GC heap before
{Heap before GC invocations=115 (full 0):
 garbage-first heap   total 275456K, used 239824K [0x0000000080000000, 0x0000000100000000)
  region size 1024K, 24 young (24576K), 2 survivors (2048K)
 Metaspace       used 136333K, committed 137472K, reserved 1179648K
  class space    used 18518K, committed 19072K, reserved 1048576K
}
Event: 462.030 GC heap after
{Heap after GC invocations=116 (full 0):
 garbage-first heap   total 275456K, used 217831K [0x0000000080000000, 0x0000000100000000)
  region size 1024K, 3 young (3072K), 3 survivors (3072K)
 Metaspace       used 136333K, committed 137472K, reserved 1179648K
  class space    used 18518K, committed 19072K, reserved 1048576K
}

